# JRE version: OpenJDK Runtime Environment (8.0_76-b03) (build 1.8.0_76-release-b03)
# Java VM: OpenJDK 64-Bit Server VM (25.76-b03 mixed mode windows-amd64 compressed oops)
Heap:
 PSYoungGen      total 204800K, used 184320K [0x00000000e0000000, 0x00000000edd80000, 0x0000000100000000)
  eden space 184320K, 100% used [0x00000000e0000000,0x00000000eb400000,0x00000000eb400000)
  from space 20480K, 0% used [0x00000000eb400000,0x00000000eb400000,0x00000000ec800000)
  to   space 19968K, 0% used [0x00000000eca00000,0x00000000eca00000,0x00000000edd80000)
 ParOldGen       total 49664K, used 40190K [0x00000000a0000000, 0x00000000a3080000, 0x00000000e0000000)
  object space 49664K, 80% used [0x00000000a0000000,0x00000000a273fb58,0x00000000a3080000)
 Metaspace       used 56173K, capacity 58276K, committed 58496K, reserved 1099776K
  class space    used 7591K, capacity 8045K, committed 8064K, reserved 1048576K
GC Heap History (10 events):
Event: 38.960 GC heap after
Heap after GC invocations=12 (full 2):
 PSYoungGen      total 146944K, used 0K [0x00000000e0000000, 0x00000000eac00000, 0x0000000100000000)
  eden space 135680K, 0% used [0x00000000e0000000,0x00000000e0000000,0x00000000e8480000)
  from space 11264K, 0% used [0x00000000e8f80000,0x00000000e8f80000,0x00000000e9a80000)
  to   space 11264K, 0% used [0x00000000e8480000,0x00000000e8480000,0x00000000e8f80000)
 ParOldGen       total 49664K, used 15102K [0x00000000a0000000, 0x00000000a3080000, 0x00000000e0000000)
  object space 49664K, 30% used [0x00000000a0000000,0x00000000a0ebf8a8,0x00000000a3080000)
 Metaspace       used 34649K, capacity 35310K, committed 35496K, reserved 1079296K
  class space    used 4656K, capacity 4852K, committed 4864K, reserved 1048576K
}
Event: 56.117 GC heap before
{Heap before GC invocations=13 (full 2):
 PSYoungGen      total 146944K, used 135680K [0x00000000e0000000, 0x00000000eac00000, 0x0000000100000000)
  eden space 135680K, 100% used [0x00000000e0000000,0x00000000e8480000,0x00000000e8480000)
  from space 11264K, 0% used [0x00000000e8f80000,0x00000000e8f80000,0x00000000e9a80000)
  to   space 11264K, 0% used [0x00000000e8480000,0x00000000e8480000,0x00000000e8f80000)
 ParOldGen       total 49664K, used 15102K [0x00000000a0000000, 0x00000000a3080000, 0x00000000e0000000)
  object space 49664K, 30% used [0x00000000a0000000,0x00000000a0ebf8a8,0x00000000a3080000)
 Metaspace       used 44548K, capacity 45656K, committed 45696K, reserved 1089536K
  class space    used 6002K, capacity 6264K, committed 6272K, reserved 1048576K
Event: 56.320 GC heap after
Heap after GC invocations=13 (full 2):
 PSYoungGen      total 146944K, used 11257K [0x00000000e0000000, 0x00000000ed580000, 0x0000000100000000)
  eden space 135680K, 0% used [0x00000000e0000000,0x00000000e0000000,0x00000000e8480000)
  from space 11264K, 99% used [0x00000000e8480000,0x00000000e8f7e5d8,0x00000000e8f80000)
  to   space 13824K, 0% used [0x00000000ec800000,0x00000000ec800000,0x00000000ed580000)
 ParOldGen       total 49664K, used 17689K [0x00000000a0000000, 0x00000000a3080000, 0x00000000e0000000)
  object space 49664K, 35% used [0x00000000a0000000,0x00000000a11467a0,0x00000000a3080000)
 Metaspace       used 44548K, capacity 45656K, committed 45696K, reserved 1089536K
  class space    used 6002K, capacity 6264K, committed 6272K, reserved 1048576K
}
Event: 76.935 GC heap before
{Heap before GC invocations=14 (full 2):
 PSYoungGen      total 146944K, used 146937K [0x00000000e0000000, 0x00000000ed580000, 0x0000000100000000)
  eden space 135680K, 100% used [0x00000000e0000000,0x00000000e8480000,0x00000000e8480000)
  from space 11264K, 99% used [0x00000000e8480000,0x00000000e8f7e5d8,0x00000000e8f80000)
  to   space 13824K, 0% used [0x00000000ec800000,0x00000000ec800000,0x00000000ed580000)
 ParOldGen       total 49664K, used 17689K [0x00000000a0000000, 0x00000000a3080000, 0x00000000e0000000)
  object space 49664K, 35% used [0x00000000a0000000,0x00000000a11467a0,0x00000000a3080000)
 Metaspace       used 50193K, capacity 51768K, committed 52096K, reserved 1093632K
  class space    used 6827K, capacity 7194K, committed 7296K, reserved 1048576K
Event: 77.173 GC heap after
Heap after GC invocations=14 (full 2):
 PSYoungGen      total 198144K, used 13824K [0x00000000e0000000, 0x00000000ede80000, 0x0000000100000000)
  eden space 184320K, 0% used [0x00000000e0000000,0x00000000e0000000,0x00000000eb400000)
  from space 13824K, 100% used [0x00000000ec800000,0x00000000ed580000,0x00000000ed580000)
  to   space 20480K, 0% used [0x00000000eb400000,0x00000000eb400000,0x00000000ec800000)
 ParOldGen       total 49664K, used 30412K [0x00000000a0000000, 0x00000000a3080000, 0x00000000e0000000)
  object space 49664K, 61% used [0x00000000a0000000,0x00000000a1db3160,0x00000000a3080000)
 Metaspace       used 50193K, capacity 51768K, committed 52096K, reserved 1093632K
  class space    used 6827K, capacity 7194K, committed 7296K, reserved 1048576K
}
Event: 80.187 GC heap before
{Heap before GC invocations=15 (full 2):
 PSYoungGen      total 198144K, used 45924K [0x00000000e0000000, 0x00000000ede80000, 0x0000000100000000)
  eden space 184320K, 17% used [0x00000000e0000000,0x00000000e1f59368,0x00000000eb400000)
  from space 13824K, 100% used [0x00000000ec800000,0x00000000ed580000,0x00000000ed580000)
  to   space 20480K, 0% used [0x00000000eb400000,0x00000000eb400000,0x00000000ec800000)
 ParOldGen       total 49664K, used 30412K [0x00000000a0000000, 0x00000000a3080000, 0x00000000e0000000)
  object space 49664K, 61% used [0x00000000a0000000,0x00000000a1db3160,0x00000000a3080000)
 Metaspace       used 51736K, capacity 53662K, committed 54016K, reserved 1095680K
  class space    used 7095K, capacity 7574K, committed 7680K, reserved 1048576K
Event: 80.278 GC heap after
Heap after GC invocations=15 (full 2):
 PSYoungGen      total 204800K, used 3859K [0x00000000e0000000, 0x00000000edd80000, 0x0000000100000000)
  eden space 184320K, 0% used [0x00000000e0000000,0x00000000e0000000,0x00000000eb400000)
  from space 20480K, 18% used [0x00000000eb400000,0x00000000eb7c4ff0,0x00000000ec800000)
  to   space 19968K, 0% used [0x00000000eca00000,0x00000000eca00000,0x00000000edd80000)
 ParOldGen       total 49664K, used 43828K [0x00000000a0000000, 0x00000000a3080000, 0x00000000e0000000)
  object space 49664K, 88% used [0x00000000a0000000,0x00000000a2acd108,0x00000000a3080000)
 Metaspace       used 51736K, capacity 53662K, committed 54016K, reserved 1095680K
  class space    used 7095K, capacity 7574K, committed 7680K, reserved 1048576K
}
Event: 80.278 GC heap before
{Heap before GC invocations=16 (full 3):
 PSYoungGen      total 204800K, used 3859K [0x00000000e0000000, 0x00000000edd80000, 0x0000000100000000)
  eden space 184320K, 0% used [0x00000000e0000000,0x00000000e0000000,0x00000000eb400000)
  from space 20480K, 18% used [0x00000000eb400000,0x00000000eb7c4ff0,0x00000000ec800000)
  to   space 19968K, 0% used [0x00000000eca00000,0x00000000eca00000,0x00000000edd80000)
 ParOldGen       total 49664K, used 43828K [0x00000000a0000000, 0x00000000a3080000, 0x00000000e0000000)
  object space 49664K, 88% used [0x00000000a0000000,0x00000000a2acd108,0x00000000a3080000)
 Metaspace       used 51736K, capacity 53662K, committed 54016K, reserved 1095680K
  class space    used 7095K, capacity 7574K, committed 7680K, reserved 1048576K
Event: 81.518 GC heap after
Heap after GC invocations=16 (full 3):
 PSYoungGen      total 204800K, used 0K [0x00000000e0000000, 0x00000000edd80000, 0x0000000100000000)
  eden space 184320K, 0% used [0x00000000e0000000,0x00000000e0000000,0x00000000eb400000)
  from space 20480K, 0% used [0x00000000eb400000,0x00000000eb400000,0x00000000ec800000)
  to   space 19968K, 0% used [0x00000000eca00000,0x00000000eca00000,0x00000000edd80000)
 ParOldGen       total 49664K, used 40190K [0x00000000a0000000, 0x00000000a3080000, 0x00000000e0000000)
  object space 49664K, 80% used [0x00000000a0000000,0x00000000a273fb58,0x00000000a3080000)
 Metaspace       used 51736K, capacity 53662K, committed 54016K, reserved 1095680K
  class space    used 7095K, capacity 7574K, committed 7680K, reserved 1048576K
}
Event: 130.389 GC heap before
{Heap before GC invocations=17 (full 4):
 PSYoungGen      total 204800K, used 184320K [0x00000000e0000000, 0x00000000edd80000, 0x0000000100000000)
  eden space 184320K, 100% used [0x00000000e0000000,0x00000000eb400000,0x00000000eb400000)
  from space 20480K, 0% used [0x00000000eb400000,0x00000000eb400000,0x00000000ec800000)
  to   space 19968K, 0% used [0x00000000eca00000,0x00000000eca00000,0x00000000edd80000)
 ParOldGen       total 49664K, used 40190K [0x00000000a0000000, 0x00000000a3080000, 0x00000000e0000000)
  object space 49664K, 80% used [0x00000000a0000000,0x00000000a273fb58,0x00000000a3080000)
 Metaspace       used 56173K, capacity 58276K, committed 58496K, reserved 1099776K
  class space    used 7591K, capacity 8045K, committed 8064K, reserved 1048576K

